checking whether make supports nested variables... yes
checking for a BSD-compatible install... /usr/bin/install -c
checking whether build environment is sane... yes
checking for arm-apple-darwin10-strip... no
checking for strip... strip
checking for a thread-safe mkdir -p... /Users/LazyBear/Downloads/SpeexBuild/IDZBuildRoot/libspeex/1.2rc2/speex-1.2rc2/install-sh -c -d
checking for gawk... no
checking for mawk... no
checking for nawk... no
checking for awk... awk
checking whether make sets $(MAKE)... yes
checking whether to enable maintainer-specific portions of Makefiles... yes
checking build system type... x86_64-apple-darwin14.3.0
checking host system type... arm-apple-darwin10
checking how to print strings... printf
checking for style of include used by make... GNU
checking for arm-apple-darwin10-gcc... /Applications/Xcode.app/Contents/Developer/Toolchains/XcodeDefault.xctoolchain/usr/bin/clang
checking whether the C compiler works... yes
checking for C compiler default output file name... a.out
checking for suffix of executables... 
checking whether we are cross compiling... yes
checking for suffix of object files... o
checking whether we are using the GNU C compiler... yes
checking whether /Applications/Xcode.app/Contents/Developer/Toolchains/XcodeDefault.xctoolchain/usr/bin/clang accepts -g... yes
checking for /Applications/Xcode.app/Contents/Developer/Toolchains/XcodeDefault.xctoolchain/usr/bin/clang option to accept ISO C89... none needed
checking dependency style of /Applications/Xcode.app/Contents/Developer/Toolchains/XcodeDefault.xctoolchain/usr/bin/clang... gcc3
checking for a sed that does not truncate output... /usr/bin/sed
checking for grep that handles long lines and -e... /usr/bin/grep
checking for egrep... /usr/bin/grep -E
checking for fgrep... /usr/bin/grep -F
checking for ld used by /Applications/Xcode.app/Contents/Developer/Toolchains/XcodeDefault.xctoolchain/usr/bin/clang... /Applications/Xcode.app/Contents/Developer/Toolchains/XcodeDefault.xctoolchain/usr/bin/ld
checking if the linker (/Applications/Xcode.app/Contents/Developer/Toolchains/XcodeDefault.xctoolchain/usr/bin/ld) is GNU ld... no
checking for BSD- or MS-compatible name lister (nm)... no
checking for arm-apple-darwin10-dumpbin... no
checking for arm-apple-darwin10-link... no
checking for dumpbin... no
checking for link... link -dump
checking the name lister (nm) interface... BSD nm
checking whether ln -s works... yes
checking the maximum length of command line arguments... 196608
checking whether the shell understands some XSI constructs... yes
checking whether the shell understands "+="... yes
checking how to convert x86_64-apple-darwin14.3.0 file names to arm-apple-darwin10 format... func_convert_file_noop
checking how to convert x86_64-apple-darwin14.3.0 file names to toolchain format... func_convert_file_noop
checking for /Applications/Xcode.app/Contents/Developer/Toolchains/XcodeDefault.xctoolchain/usr/bin/ld option to reload object files... -r
checking for arm-apple-darwin10-objdump... objdump
checking how to recognize dependent libraries... pass_all
checking for arm-apple-darwin10-dlltool... dlltool
checking how to associate runtime and link libraries... printf %s\n
checking for arm-apple-darwin10-ar... no
checking for ar... ar
checking for archiver @FILE support... no
checking for arm-apple-darwin10-strip... strip
checking for arm-apple-darwin10-ranlib... no
checking for ranlib... ranlib
checking command to parse nm output from /Applications/Xcode.app/Contents/Developer/Toolchains/XcodeDefault.xctoolchain/usr/bin/clang object... ok
checking for sysroot... no
checking for arm-apple-darwin10-mt... no
checking for mt... no
checking if : is a manifest tool... no
checking for arm-apple-darwin10-dsymutil... no
checking for dsymutil... dsymutil
checking for arm-apple-darwin10-nmedit... no
checking for nmedit... nmedit
checking for arm-apple-darwin10-lipo... no
checking for lipo... lipo
checking for arm-apple-darwin10-otool... no
checking for otool... otool
checking for arm-apple-darwin10-otool64... no
checking for otool64... no
checking for -single_module linker flag... yes
checking for -exported_symbols_list linker flag... yes
checking for -force_load linker flag... yes
checking how to run the C preprocessor... /Applications/Xcode.app/Contents/Developer/Toolchains/XcodeDefault.xctoolchain/usr/bin/clang -E
checking for ANSI C header files... yes
checking for sys/types.h... yes
checking for sys/stat.h... yes
checking for stdlib.h... yes
checking for string.h... yes
checking for memory.h... yes
checking for strings.h... yes
checking for inttypes.h... yes
checking for stdint.h... yes
checking for unistd.h... yes
checking for dlfcn.h... yes
checking for objdir... .libs
checking if /Applications/Xcode.app/Contents/Developer/Toolchains/XcodeDefault.xctoolchain/usr/bin/clang supports -fno-rtti -fno-exceptions... yes
checking for /Applications/Xcode.app/Contents/Developer/Toolchains/XcodeDefault.xctoolchain/usr/bin/clang option to produce PIC... -fno-common -DPIC
checking if /Applications/Xcode.app/Contents/Developer/Toolchains/XcodeDefault.xctoolchain/usr/bin/clang PIC flag -fno-common -DPIC works... yes
checking if /Applications/Xcode.app/Contents/Developer/Toolchains/XcodeDefault.xctoolchain/usr/bin/clang static flag -static works... no
checking if /Applications/Xcode.app/Contents/Developer/Toolchains/XcodeDefault.xctoolchain/usr/bin/clang supports -c -o file.o... yes
checking if /Applications/Xcode.app/Contents/Developer/Toolchains/XcodeDefault.xctoolchain/usr/bin/clang supports -c -o file.o... (cached) yes
checking whether the /Applications/Xcode.app/Contents/Developer/Toolchains/XcodeDefault.xctoolchain/usr/bin/clang linker (/Applications/Xcode.app/Contents/Developer/Toolchains/XcodeDefault.xctoolchain/usr/bin/ld) supports shared libraries... yes
checking dynamic linker characteristics... darwin10 dyld
checking how to hardcode library paths into programs... immediate
checking whether stripping libraries is possible... yes
checking if libtool supports shared libraries... yes
checking whether to build shared libraries... no
checking whether to build static libraries... yes
checking whether byte ordering is bigendian... no
checking for an ANSI C-conforming const... yes
checking for inline... inline
checking for C/C++ restrict keyword... __restrict
checking for C99 variable-size arrays... yes
checking alloca.h usability... yes
checking alloca.h presence... yes
checking for alloca.h... yes
checking getopt.h usability... yes
checking getopt.h presence... yes
checking for getopt.h... yes
checking for alloca... yes
checking for SSE in current arch/CFLAGS... no
checking for ELF visibility... yes
checking sys/soundcard.h usability... no
checking sys/soundcard.h presence... no
checking for sys/soundcard.h... no
checking sys/audioio.h usability... no
checking sys/audioio.h presence... no
checking for sys/audioio.h... no
checking for getopt_long... yes
checking for SPEEXDSP... no
checking size of int16_t... 2
checking size of uint16_t... 2
checking size of u_int16_t... 2
checking size of int32_t... 4
checking size of uint32_t... 4
checking size of u_int32_t... 4
checking size of short... 2
checking size of int... 4
checking size of long... 8
checking that generated files are newer than configure... done
configure: creating ./config.status
config.status: creating Makefile
config.status: creating libspeex/Makefile
config.status: creating src/Makefile
config.status: creating doc/Makefile
config.status: creating Speex.spec
config.status: creating include/Makefile
config.status: creating include/speex/Makefile
config.status: creating speex.pc
config.status: creating win32/Makefile
config.status: creating win32/libspeex/Makefile
config.status: creating win32/speexenc/Makefile
config.status: creating win32/speexdec/Makefile
config.status: creating symbian/Makefile
config.status: creating win32/VS2003/Makefile
config.status: creating win32/VS2003/tests/Makefile
config.status: creating win32/VS2003/libspeex/Makefile
config.status: creating win32/VS2003/speexdec/Makefile
config.status: creating win32/VS2003/speexenc/Makefile
config.status: creating win32/VS2005/Makefile
config.status: creating win32/VS2005/libspeex/Makefile
config.status: creating win32/VS2005/speexdec/Makefile
config.status: creating win32/VS2005/speexenc/Makefile
config.status: creating win32/VS2005/tests/Makefile
config.status: creating win32/VS2008/Makefile
config.status: creating win32/VS2008/speexdec/Makefile
config.status: creating win32/VS2008/tests/Makefile
config.status: creating win32/VS2008/libspeex/Makefile
config.status: creating win32/VS2008/speexenc/Makefile
config.status: creating include/speex/speex_config_types.h
config.status: creating ti/Makefile
config.status: creating ti/speex_C54_test/Makefile
config.status: creating ti/speex_C55_test/Makefile
config.status: creating ti/speex_C64_test/Makefile
config.status: creating config.h
config.status: executing depfiles commands
config.status: executing libtool commands
Type "make; make install" to compile and install Speex
