This file contains any messages produced by compilers while
running configure, to aid debugging if configure makes a mistake.

It was created by speex configure 1.2rc2, which was
generated by GNU Autoconf 2.69.  Invocation command line was

  $ /Users/LazyBear/Downloads/SpeexBuild/IDZBuildRoot/libspeex/1.2rc2/speex-1.2rc2/configure --host=x86_64-apple-darwin10 --prefix=/Users/LazyBear/Downloads/SpeexBuild/IDZBuildRoot/libspeex/1.2rc2/install-iPhoneSimulator-x86_64 --disable-shared --with-ogg=/Users/LazyBear/Downloads/SpeexBuild/IDZBuildRoot//libogg/1.3.1/install-iPhoneSimulator-x86_64

## --------- ##
## Platform. ##
## --------- ##

hostname = kyuubons-MacBook-Pro.local
uname -m = x86_64
uname -r = 14.3.0
uname -s = Darwin
uname -v = Darwin Kernel Version 14.3.0: Mon Mar 23 11:59:05 PDT 2015; root:xnu-2782.20.48~5/RELEASE_X86_64

/usr/bin/uname -p = i386
/bin/uname -X     = unknown

/bin/arch              = unknown
/usr/bin/arch -k       = unknown
/usr/convex/getsysinfo = unknown
/usr/bin/hostinfo      = Mach kernel version:
	 Darwin Kernel Version 14.3.0: Mon Mar 23 11:59:05 PDT 2015; root:xnu-2782.20.48~5/RELEASE_X86_64
Kernel configured for up to 8 processors.
4 processors are physically available.
8 processors are logically available.
Processor type: x86_64h (Intel x86-64h Haswell)
Processors active: 0 1 2 3 4 5 6 7
Primary memory available: 16.00 gigabytes
Default processor set: 367 tasks, 1678 threads, 8 processors
Load average: 2.85, Mach factor: 5.13
/bin/machine           = unknown
/usr/bin/oslevel       = unknown
/bin/universe          = unknown

PATH: /Users/LazyBear/Downloads/SpeexBuild/IDZBuild
PATH: /usr/local/bin
PATH: /usr/bin
PATH: /bin
PATH: /usr/sbin
PATH: /sbin


## ----------- ##
## Core tests. ##
## ----------- ##

configure:2490: checking whether make supports nested variables
configure:2507: result: yes
configure:2579: checking for a BSD-compatible install
configure:2647: result: /usr/bin/install -c
configure:2658: checking whether build environment is sane
configure:2713: result: yes
configure:2772: checking for x86_64-apple-darwin10-strip
configure:2802: result: no
configure:2812: checking for strip
configure:2828: found /usr/bin/strip
configure:2839: result: strip
configure:2864: checking for a thread-safe mkdir -p
configure:2903: result: /Users/LazyBear/Downloads/SpeexBuild/IDZBuildRoot/libspeex/1.2rc2/speex-1.2rc2/install-sh -c -d
configure:2910: checking for gawk
configure:2940: result: no
configure:2910: checking for mawk
configure:2940: result: no
configure:2910: checking for nawk
configure:2940: result: no
configure:2910: checking for awk
configure:2926: found /usr/bin/awk
configure:2937: result: awk
configure:2948: checking whether make sets $(MAKE)
configure:2970: result: yes
configure:3053: checking whether to enable maintainer-specific portions of Makefiles
configure:3062: result: yes
configure:3080: checking build system type
configure:3094: result: x86_64-apple-darwin14.3.0
configure:3114: checking host system type
configure:3127: result: x86_64-apple-darwin10
configure:3496: checking how to print strings
configure:3523: result: printf
configure:3556: checking for style of include used by make
configure:3584: result: GNU
configure:3615: checking for x86_64-apple-darwin10-gcc
configure:3642: result: /Applications/Xcode.app/Contents/Developer/Toolchains/XcodeDefault.xctoolchain/usr/bin/clang
configure:3911: checking for C compiler version
configure:3920: /Applications/Xcode.app/Contents/Developer/Toolchains/XcodeDefault.xctoolchain/usr/bin/clang --version >&5
Apple LLVM version 6.1.0 (clang-602.0.49) (based on LLVM 3.6.0svn)
Target: x86_64-apple-darwin14.3.0
Thread model: posix
configure:3931: $? = 0
configure:3920: /Applications/Xcode.app/Contents/Developer/Toolchains/XcodeDefault.xctoolchain/usr/bin/clang -v >&5
Apple LLVM version 6.1.0 (clang-602.0.49) (based on LLVM 3.6.0svn)
Target: x86_64-apple-darwin14.3.0
Thread model: posix
configure:3931: $? = 0
configure:3920: /Applications/Xcode.app/Contents/Developer/Toolchains/XcodeDefault.xctoolchain/usr/bin/clang -V >&5
clang: error: argument to '-V' is missing (expected 1 value)
clang: error: no input files
configure:3931: $? = 1
configure:3920: /Applications/Xcode.app/Contents/Developer/Toolchains/XcodeDefault.xctoolchain/usr/bin/clang -qversion >&5
clang: error: unknown argument: '-qversion'
clang: error: no input files
configure:3931: $? = 1
configure:3951: checking whether the C compiler works
configure:3973: /Applications/Xcode.app/Contents/Developer/Toolchains/XcodeDefault.xctoolchain/usr/bin/clang -isysroot /Applications/Xcode.app/Contents/Developer/Platforms/iPhoneSimulator.platform/Developer/SDKs/iPhoneSimulator8.3.sdk -arch x86_64 -mios-simulator-version-min=7.0  -isysroot /Applications/Xcode.app/Contents/Developer/Platforms/iPhoneSimulator.platform/Developer/SDKs/iPhoneSimulator8.3.sdk -arch x86_64 -mios-simulator-version-min=7.0 conftest.c  >&5
configure:3977: $? = 0
configure:4025: result: yes
configure:4028: checking for C compiler default output file name
configure:4030: result: a.out
configure:4036: checking for suffix of executables
configure:4043: /Applications/Xcode.app/Contents/Developer/Toolchains/XcodeDefault.xctoolchain/usr/bin/clang -o conftest -isysroot /Applications/Xcode.app/Contents/Developer/Platforms/iPhoneSimulator.platform/Developer/SDKs/iPhoneSimulator8.3.sdk -arch x86_64 -mios-simulator-version-min=7.0  -isysroot /Applications/Xcode.app/Contents/Developer/Platforms/iPhoneSimulator.platform/Developer/SDKs/iPhoneSimulator8.3.sdk -arch x86_64 -mios-simulator-version-min=7.0 conftest.c  >&5
configure:4047: $? = 0
configure:4069: result: 
configure:4091: checking whether we are cross compiling
configure:4099: /Applications/Xcode.app/Contents/Developer/Toolchains/XcodeDefault.xctoolchain/usr/bin/clang -o conftest -isysroot /Applications/Xcode.app/Contents/Developer/Platforms/iPhoneSimulator.platform/Developer/SDKs/iPhoneSimulator8.3.sdk -arch x86_64 -mios-simulator-version-min=7.0  -isysroot /Applications/Xcode.app/Contents/Developer/Platforms/iPhoneSimulator.platform/Developer/SDKs/iPhoneSimulator8.3.sdk -arch x86_64 -mios-simulator-version-min=7.0 conftest.c  >&5
configure:4103: $? = 0
configure:4110: ./conftest
configure:4114: $? = 0
configure:4129: result: no
configure:4134: checking for suffix of object files
configure:4156: /Applications/Xcode.app/Contents/Developer/Toolchains/XcodeDefault.xctoolchain/usr/bin/clang -c -isysroot /Applications/Xcode.app/Contents/Developer/Platforms/iPhoneSimulator.platform/Developer/SDKs/iPhoneSimulator8.3.sdk -arch x86_64 -mios-simulator-version-min=7.0  conftest.c >&5
configure:4160: $? = 0
configure:4181: result: o
configure:4185: checking whether we are using the GNU C compiler
configure:4204: /Applications/Xcode.app/Contents/Developer/Toolchains/XcodeDefault.xctoolchain/usr/bin/clang -c -isysroot /Applications/Xcode.app/Contents/Developer/Platforms/iPhoneSimulator.platform/Developer/SDKs/iPhoneSimulator8.3.sdk -arch x86_64 -mios-simulator-version-min=7.0  conftest.c >&5
configure:4204: $? = 0
configure:4213: result: yes
configure:4222: checking whether /Applications/Xcode.app/Contents/Developer/Toolchains/XcodeDefault.xctoolchain/usr/bin/clang accepts -g
configure:4242: /Applications/Xcode.app/Contents/Developer/Toolchains/XcodeDefault.xctoolchain/usr/bin/clang -c -g  conftest.c >&5
configure:4242: $? = 0
configure:4283: result: yes
configure:4300: checking for /Applications/Xcode.app/Contents/Developer/Toolchains/XcodeDefault.xctoolchain/usr/bin/clang option to accept ISO C89
configure:4363: /Applications/Xcode.app/Contents/Developer/Toolchains/XcodeDefault.xctoolchain/usr/bin/clang  -c -isysroot /Applications/Xcode.app/Contents/Developer/Platforms/iPhoneSimulator.platform/Developer/SDKs/iPhoneSimulator8.3.sdk -arch x86_64 -mios-simulator-version-min=7.0  conftest.c >&5
configure:4363: $? = 0
configure:4376: result: none needed
configure:4398: checking dependency style of /Applications/Xcode.app/Contents/Developer/Toolchains/XcodeDefault.xctoolchain/usr/bin/clang
configure:4509: result: gcc3
configure:4524: checking for a sed that does not truncate output
configure:4588: result: /usr/bin/sed
configure:4606: checking for grep that handles long lines and -e
configure:4664: result: /usr/bin/grep
configure:4669: checking for egrep
configure:4731: result: /usr/bin/grep -E
configure:4736: checking for fgrep
configure:4798: result: /usr/bin/grep -F
configure:4833: checking for ld used by /Applications/Xcode.app/Contents/Developer/Toolchains/XcodeDefault.xctoolchain/usr/bin/clang
configure:4900: result: /Applications/Xcode.app/Contents/Developer/Toolchains/XcodeDefault.xctoolchain/usr/bin/ld
configure:4907: checking if the linker (/Applications/Xcode.app/Contents/Developer/Toolchains/XcodeDefault.xctoolchain/usr/bin/ld) is GNU ld
configure:4922: result: no
configure:4934: checking for BSD- or MS-compatible name lister (nm)
configure:4983: result: no
configure:4997: checking for x86_64-apple-darwin10-dumpbin
configure:5027: result: no
configure:4997: checking for x86_64-apple-darwin10-link
configure:5027: result: no
configure:5041: checking for dumpbin
configure:5071: result: no
configure:5041: checking for link
configure:5057: found /bin/link
configure:5068: result: link -dump
configure:5113: checking the name lister (nm) interface
configure:5120: /Applications/Xcode.app/Contents/Developer/Toolchains/XcodeDefault.xctoolchain/usr/bin/clang -c -isysroot /Applications/Xcode.app/Contents/Developer/Platforms/iPhoneSimulator.platform/Developer/SDKs/iPhoneSimulator8.3.sdk -arch x86_64 -mios-simulator-version-min=7.0  conftest.c >&5
configure:5123: nm "conftest.o"
configure:5126: output
0000000000000000 S _some_variable
configure:5133: result: BSD nm
configure:5136: checking whether ln -s works
configure:5140: result: yes
configure:5148: checking the maximum length of command line arguments
configure:5278: result: 196608
configure:5295: checking whether the shell understands some XSI constructs
configure:5305: result: yes
configure:5309: checking whether the shell understands "+="
configure:5315: result: yes
configure:5350: checking how to convert x86_64-apple-darwin14.3.0 file names to x86_64-apple-darwin10 format
configure:5390: result: func_convert_file_noop
configure:5397: checking how to convert x86_64-apple-darwin14.3.0 file names to toolchain format
configure:5417: result: func_convert_file_noop
configure:5424: checking for /Applications/Xcode.app/Contents/Developer/Toolchains/XcodeDefault.xctoolchain/usr/bin/ld option to reload object files
configure:5431: result: -r
configure:5465: checking for x86_64-apple-darwin10-objdump
configure:5492: result: objdump
configure:5561: checking how to recognize dependent libraries
configure:5763: result: pass_all
configure:5808: checking for x86_64-apple-darwin10-dlltool
configure:5835: result: dlltool
configure:5905: checking how to associate runtime and link libraries
configure:5932: result: printf %s\n
configure:5949: checking for x86_64-apple-darwin10-ar
configure:5979: result: no
configure:5993: checking for ar
configure:6009: found /usr/bin/ar
configure:6020: result: ar
configure:6057: checking for archiver @FILE support
configure:6074: /Applications/Xcode.app/Contents/Developer/Toolchains/XcodeDefault.xctoolchain/usr/bin/clang -c -isysroot /Applications/Xcode.app/Contents/Developer/Platforms/iPhoneSimulator.platform/Developer/SDKs/iPhoneSimulator8.3.sdk -arch x86_64 -mios-simulator-version-min=7.0  conftest.c >&5
configure:6074: $? = 0
configure:6077: ar cru libconftest.a @conftest.lst >&5
ar: @conftest.lst: No such file or directory
configure:6080: $? = 1
configure:6100: result: no
configure:6118: checking for x86_64-apple-darwin10-strip
configure:6145: result: strip
configure:6217: checking for x86_64-apple-darwin10-ranlib
configure:6247: result: no
configure:6257: checking for ranlib
configure:6273: found /usr/bin/ranlib
configure:6284: result: ranlib
configure:6386: checking command to parse nm output from /Applications/Xcode.app/Contents/Developer/Toolchains/XcodeDefault.xctoolchain/usr/bin/clang object
configure:6506: /Applications/Xcode.app/Contents/Developer/Toolchains/XcodeDefault.xctoolchain/usr/bin/clang -c -isysroot /Applications/Xcode.app/Contents/Developer/Platforms/iPhoneSimulator.platform/Developer/SDKs/iPhoneSimulator8.3.sdk -arch x86_64 -mios-simulator-version-min=7.0  conftest.c >&5
configure:6509: $? = 0
configure:6513: nm conftest.o \| sed -n -e 's/^.*[ ]\([BCDEGRST][BCDEGRST]*\)[ ][ ]*\([_A-Za-z][_A-Za-z0-9]*\)$/\1 \2 \2/p' | sed '/ __gnu_lto/d' \> conftest.nm
configure:6516: $? = 0
cannot find nm_test_var in conftest.nm
configure:6506: /Applications/Xcode.app/Contents/Developer/Toolchains/XcodeDefault.xctoolchain/usr/bin/clang -c -isysroot /Applications/Xcode.app/Contents/Developer/Platforms/iPhoneSimulator.platform/Developer/SDKs/iPhoneSimulator8.3.sdk -arch x86_64 -mios-simulator-version-min=7.0  conftest.c >&5
configure:6509: $? = 0
configure:6513: nm conftest.o \| sed -n -e 's/^.*[ ]\([BCDEGRST][BCDEGRST]*\)[ ][ ]*_\([_A-Za-z][_A-Za-z0-9]*\)$/\1 _\2 \2/p' | sed '/ __gnu_lto/d' \> conftest.nm
configure:6516: $? = 0
configure:6582: /Applications/Xcode.app/Contents/Developer/Toolchains/XcodeDefault.xctoolchain/usr/bin/clang -o conftest -isysroot /Applications/Xcode.app/Contents/Developer/Platforms/iPhoneSimulator.platform/Developer/SDKs/iPhoneSimulator8.3.sdk -arch x86_64 -mios-simulator-version-min=7.0  -isysroot /Applications/Xcode.app/Contents/Developer/Platforms/iPhoneSimulator.platform/Developer/SDKs/iPhoneSimulator8.3.sdk -arch x86_64 -mios-simulator-version-min=7.0 conftest.c conftstm.o >&5
configure:6585: $? = 0
configure:6623: result: ok
configure:6660: checking for sysroot
configure:6690: result: no
configure:6912: checking for x86_64-apple-darwin10-mt
configure:6942: result: no
configure:6952: checking for mt
configure:6982: result: no
configure:7002: checking if : is a manifest tool
configure:7008: : '-?'
configure:7016: result: no
configure:7032: checking for x86_64-apple-darwin10-dsymutil
configure:7062: result: no
configure:7072: checking for dsymutil
configure:7088: found /usr/bin/dsymutil
configure:7099: result: dsymutil
configure:7124: checking for x86_64-apple-darwin10-nmedit
configure:7154: result: no
configure:7164: checking for nmedit
configure:7180: found /usr/bin/nmedit
configure:7191: result: nmedit
configure:7216: checking for x86_64-apple-darwin10-lipo
configure:7246: result: no
configure:7256: checking for lipo
configure:7272: found /usr/bin/lipo
configure:7283: result: lipo
configure:7308: checking for x86_64-apple-darwin10-otool
configure:7338: result: no
configure:7348: checking for otool
configure:7364: found /usr/bin/otool
configure:7375: result: otool
configure:7400: checking for x86_64-apple-darwin10-otool64
configure:7430: result: no
configure:7440: checking for otool64
configure:7470: result: no
configure:7515: checking for -single_module linker flag
/Applications/Xcode.app/Contents/Developer/Toolchains/XcodeDefault.xctoolchain/usr/bin/clang -isysroot /Applications/Xcode.app/Contents/Developer/Platforms/iPhoneSimulator.platform/Developer/SDKs/iPhoneSimulator8.3.sdk -arch x86_64 -mios-simulator-version-min=7.0 -isysroot /Applications/Xcode.app/Contents/Developer/Platforms/iPhoneSimulator.platform/Developer/SDKs/iPhoneSimulator8.3.sdk -arch x86_64 -mios-simulator-version-min=7.0 -o libconftest.dylib -dynamiclib -Wl,-single_module conftest.c
configure:7548: result: yes
configure:7551: checking for -exported_symbols_list linker flag
configure:7571: /Applications/Xcode.app/Contents/Developer/Toolchains/XcodeDefault.xctoolchain/usr/bin/clang -o conftest -isysroot /Applications/Xcode.app/Contents/Developer/Platforms/iPhoneSimulator.platform/Developer/SDKs/iPhoneSimulator8.3.sdk -arch x86_64 -mios-simulator-version-min=7.0  -isysroot /Applications/Xcode.app/Contents/Developer/Platforms/iPhoneSimulator.platform/Developer/SDKs/iPhoneSimulator8.3.sdk -arch x86_64 -mios-simulator-version-min=7.0 -Wl,-exported_symbols_list,conftest.sym conftest.c  >&5
configure:7571: $? = 0
configure:7581: result: yes
configure:7584: checking for -force_load linker flag
/Applications/Xcode.app/Contents/Developer/Toolchains/XcodeDefault.xctoolchain/usr/bin/clang -isysroot /Applications/Xcode.app/Contents/Developer/Platforms/iPhoneSimulator.platform/Developer/SDKs/iPhoneSimulator8.3.sdk -arch x86_64 -mios-simulator-version-min=7.0 -c -o conftest.o conftest.c
ar cru libconftest.a conftest.o
ranlib libconftest.a
/Applications/Xcode.app/Contents/Developer/Toolchains/XcodeDefault.xctoolchain/usr/bin/clang -isysroot /Applications/Xcode.app/Contents/Developer/Platforms/iPhoneSimulator.platform/Developer/SDKs/iPhoneSimulator8.3.sdk -arch x86_64 -mios-simulator-version-min=7.0 -isysroot /Applications/Xcode.app/Contents/Developer/Platforms/iPhoneSimulator.platform/Developer/SDKs/iPhoneSimulator8.3.sdk -arch x86_64 -mios-simulator-version-min=7.0 -o conftest conftest.c -Wl,-force_load,./libconftest.a
configure:7616: result: yes
configure:7658: checking how to run the C preprocessor
configure:7689: /Applications/Xcode.app/Contents/Developer/Toolchains/XcodeDefault.xctoolchain/usr/bin/clang -E  conftest.c
configure:7689: $? = 0
configure:7703: /Applications/Xcode.app/Contents/Developer/Toolchains/XcodeDefault.xctoolchain/usr/bin/clang -E  conftest.c
conftest.c:9:10: fatal error: 'ac_nonexistent.h' file not found
#include <ac_nonexistent.h>
         ^
1 error generated.
configure:7703: $? = 1
configure: failed program was:
| /* confdefs.h */
| #define PACKAGE_NAME "speex"
| #define PACKAGE_TARNAME "speex"
| #define PACKAGE_VERSION "1.2rc2"
| #define PACKAGE_STRING "speex 1.2rc2"
| #define PACKAGE_BUGREPORT "speex-dev@xiph.org"
| #define PACKAGE_URL ""
| /* end confdefs.h.  */
| #include <ac_nonexistent.h>
configure:7728: result: /Applications/Xcode.app/Contents/Developer/Toolchains/XcodeDefault.xctoolchain/usr/bin/clang -E
configure:7748: /Applications/Xcode.app/Contents/Developer/Toolchains/XcodeDefault.xctoolchain/usr/bin/clang -E  conftest.c
configure:7748: $? = 0
configure:7762: /Applications/Xcode.app/Contents/Developer/Toolchains/XcodeDefault.xctoolchain/usr/bin/clang -E  conftest.c
conftest.c:9:10: fatal error: 'ac_nonexistent.h' file not found
#include <ac_nonexistent.h>
         ^
1 error generated.
configure:7762: $? = 1
configure: failed program was:
| /* confdefs.h */
| #define PACKAGE_NAME "speex"
| #define PACKAGE_TARNAME "speex"
| #define PACKAGE_VERSION "1.2rc2"
| #define PACKAGE_STRING "speex 1.2rc2"
| #define PACKAGE_BUGREPORT "speex-dev@xiph.org"
| #define PACKAGE_URL ""
| /* end confdefs.h.  */
| #include <ac_nonexistent.h>
configure:7791: checking for ANSI C header files
configure:7811: /Applications/Xcode.app/Contents/Developer/Toolchains/XcodeDefault.xctoolchain/usr/bin/clang -c -isysroot /Applications/Xcode.app/Contents/Developer/Platforms/iPhoneSimulator.platform/Developer/SDKs/iPhoneSimulator8.3.sdk -arch x86_64 -mios-simulator-version-min=7.0  conftest.c >&5
configure:7811: $? = 0
configure:7884: /Applications/Xcode.app/Contents/Developer/Toolchains/XcodeDefault.xctoolchain/usr/bin/clang -o conftest -isysroot /Applications/Xcode.app/Contents/Developer/Platforms/iPhoneSimulator.platform/Developer/SDKs/iPhoneSimulator8.3.sdk -arch x86_64 -mios-simulator-version-min=7.0  -isysroot /Applications/Xcode.app/Contents/Developer/Platforms/iPhoneSimulator.platform/Developer/SDKs/iPhoneSimulator8.3.sdk -arch x86_64 -mios-simulator-version-min=7.0 conftest.c  >&5
configure:7884: $? = 0
configure:7884: ./conftest
configure:7884: $? = 0
configure:7895: result: yes
configure:7908: checking for sys/types.h
configure:7908: /Applications/Xcode.app/Contents/Developer/Toolchains/XcodeDefault.xctoolchain/usr/bin/clang -c -isysroot /Applications/Xcode.app/Contents/Developer/Platforms/iPhoneSimulator.platform/Developer/SDKs/iPhoneSimulator8.3.sdk -arch x86_64 -mios-simulator-version-min=7.0  conftest.c >&5
configure:7908: $? = 0
configure:7908: result: yes
configure:7908: checking for sys/stat.h
configure:7908: /Applications/Xcode.app/Contents/Developer/Toolchains/XcodeDefault.xctoolchain/usr/bin/clang -c -isysroot /Applications/Xcode.app/Contents/Developer/Platforms/iPhoneSimulator.platform/Developer/SDKs/iPhoneSimulator8.3.sdk -arch x86_64 -mios-simulator-version-min=7.0  conftest.c >&5
configure:7908: $? = 0
configure:7908: result: yes
configure:7908: checking for stdlib.h
configure:7908: /Applications/Xcode.app/Contents/Developer/Toolchains/XcodeDefault.xctoolchain/usr/bin/clang -c -isysroot /Applications/Xcode.app/Contents/Developer/Platforms/iPhoneSimulator.platform/Developer/SDKs/iPhoneSimulator8.3.sdk -arch x86_64 -mios-simulator-version-min=7.0  conftest.c >&5
configure:7908: $? = 0
configure:7908: result: yes
configure:7908: checking for string.h
configure:7908: /Applications/Xcode.app/Contents/Developer/Toolchains/XcodeDefault.xctoolchain/usr/bin/clang -c -isysroot /Applications/Xcode.app/Contents/Developer/Platforms/iPhoneSimulator.platform/Developer/SDKs/iPhoneSimulator8.3.sdk -arch x86_64 -mios-simulator-version-min=7.0  conftest.c >&5
configure:7908: $? = 0
configure:7908: result: yes
configure:7908: checking for memory.h
configure:7908: /Applications/Xcode.app/Contents/Developer/Toolchains/XcodeDefault.xctoolchain/usr/bin/clang -c -isysroot /Applications/Xcode.app/Contents/Developer/Platforms/iPhoneSimulator.platform/Developer/SDKs/iPhoneSimulator8.3.sdk -arch x86_64 -mios-simulator-version-min=7.0  conftest.c >&5
configure:7908: $? = 0
configure:7908: result: yes
configure:7908: checking for strings.h
configure:7908: /Applications/Xcode.app/Contents/Developer/Toolchains/XcodeDefault.xctoolchain/usr/bin/clang -c -isysroot /Applications/Xcode.app/Contents/Developer/Platforms/iPhoneSimulator.platform/Developer/SDKs/iPhoneSimulator8.3.sdk -arch x86_64 -mios-simulator-version-min=7.0  conftest.c >&5
configure:7908: $? = 0
configure:7908: result: yes
configure:7908: checking for inttypes.h
configure:7908: /Applications/Xcode.app/Contents/Developer/Toolchains/XcodeDefault.xctoolchain/usr/bin/clang -c -isysroot /Applications/Xcode.app/Contents/Developer/Platforms/iPhoneSimulator.platform/Developer/SDKs/iPhoneSimulator8.3.sdk -arch x86_64 -mios-simulator-version-min=7.0  conftest.c >&5
configure:7908: $? = 0
configure:7908: result: yes
configure:7908: checking for stdint.h
configure:7908: /Applications/Xcode.app/Contents/Developer/Toolchains/XcodeDefault.xctoolchain/usr/bin/clang -c -isysroot /Applications/Xcode.app/Contents/Developer/Platforms/iPhoneSimulator.platform/Developer/SDKs/iPhoneSimulator8.3.sdk -arch x86_64 -mios-simulator-version-min=7.0  conftest.c >&5
configure:7908: $? = 0
configure:7908: result: yes
configure:7908: checking for unistd.h
configure:7908: /Applications/Xcode.app/Contents/Developer/Toolchains/XcodeDefault.xctoolchain/usr/bin/clang -c -isysroot /Applications/Xcode.app/Contents/Developer/Platforms/iPhoneSimulator.platform/Developer/SDKs/iPhoneSimulator8.3.sdk -arch x86_64 -mios-simulator-version-min=7.0  conftest.c >&5
configure:7908: $? = 0
configure:7908: result: yes
configure:7922: checking for dlfcn.h
configure:7922: /Applications/Xcode.app/Contents/Developer/Toolchains/XcodeDefault.xctoolchain/usr/bin/clang -c -isysroot /Applications/Xcode.app/Contents/Developer/Platforms/iPhoneSimulator.platform/Developer/SDKs/iPhoneSimulator8.3.sdk -arch x86_64 -mios-simulator-version-min=7.0  conftest.c >&5
configure:7922: $? = 0
configure:7922: result: yes
configure:8126: checking for objdir
configure:8141: result: .libs
configure:8412: checking if /Applications/Xcode.app/Contents/Developer/Toolchains/XcodeDefault.xctoolchain/usr/bin/clang supports -fno-rtti -fno-exceptions
configure:8430: /Applications/Xcode.app/Contents/Developer/Toolchains/XcodeDefault.xctoolchain/usr/bin/clang -c -isysroot /Applications/Xcode.app/Contents/Developer/Platforms/iPhoneSimulator.platform/Developer/SDKs/iPhoneSimulator8.3.sdk -arch x86_64 -mios-simulator-version-min=7.0  -fno-rtti -fno-exceptions conftest.c >&5
configure:8434: $? = 0
configure:8447: result: yes
configure:8774: checking for /Applications/Xcode.app/Contents/Developer/Toolchains/XcodeDefault.xctoolchain/usr/bin/clang option to produce PIC
configure:8781: result: -fno-common -DPIC
configure:8789: checking if /Applications/Xcode.app/Contents/Developer/Toolchains/XcodeDefault.xctoolchain/usr/bin/clang PIC flag -fno-common -DPIC works
configure:8807: /Applications/Xcode.app/Contents/Developer/Toolchains/XcodeDefault.xctoolchain/usr/bin/clang -c -isysroot /Applications/Xcode.app/Contents/Developer/Platforms/iPhoneSimulator.platform/Developer/SDKs/iPhoneSimulator8.3.sdk -arch x86_64 -mios-simulator-version-min=7.0  -fno-common -DPIC -DPIC conftest.c >&5
configure:8811: $? = 0
configure:8824: result: yes
configure:8853: checking if /Applications/Xcode.app/Contents/Developer/Toolchains/XcodeDefault.xctoolchain/usr/bin/clang static flag -static works
configure:8881: result: no
configure:8896: checking if /Applications/Xcode.app/Contents/Developer/Toolchains/XcodeDefault.xctoolchain/usr/bin/clang supports -c -o file.o
configure:8917: /Applications/Xcode.app/Contents/Developer/Toolchains/XcodeDefault.xctoolchain/usr/bin/clang -c -isysroot /Applications/Xcode.app/Contents/Developer/Platforms/iPhoneSimulator.platform/Developer/SDKs/iPhoneSimulator8.3.sdk -arch x86_64 -mios-simulator-version-min=7.0  -o out/conftest2.o conftest.c >&5
configure:8921: $? = 0
configure:8943: result: yes
configure:8951: checking if /Applications/Xcode.app/Contents/Developer/Toolchains/XcodeDefault.xctoolchain/usr/bin/clang supports -c -o file.o
configure:8998: result: yes
configure:9031: checking whether the /Applications/Xcode.app/Contents/Developer/Toolchains/XcodeDefault.xctoolchain/usr/bin/clang linker (/Applications/Xcode.app/Contents/Developer/Toolchains/XcodeDefault.xctoolchain/usr/bin/ld) supports shared libraries
configure:10184: result: yes
configure:10424: checking dynamic linker characteristics
configure:11161: result: darwin10 dyld
configure:11268: checking how to hardcode library paths into programs
configure:11293: result: immediate
configure:11833: checking whether stripping libraries is possible
configure:11847: result: yes
configure:11873: checking if libtool supports shared libraries
configure:11875: result: yes
configure:11878: checking whether to build shared libraries
configure:11899: result: no
configure:11902: checking whether to build static libraries
configure:11906: result: yes
configure:11944: checking whether byte ordering is bigendian
configure:11959: /Applications/Xcode.app/Contents/Developer/Toolchains/XcodeDefault.xctoolchain/usr/bin/clang -c -isysroot /Applications/Xcode.app/Contents/Developer/Platforms/iPhoneSimulator.platform/Developer/SDKs/iPhoneSimulator8.3.sdk -arch x86_64 -mios-simulator-version-min=7.0  conftest.c >&5
configure:11959: $? = 0
configure:12004: /Applications/Xcode.app/Contents/Developer/Toolchains/XcodeDefault.xctoolchain/usr/bin/clang -c -isysroot /Applications/Xcode.app/Contents/Developer/Platforms/iPhoneSimulator.platform/Developer/SDKs/iPhoneSimulator8.3.sdk -arch x86_64 -mios-simulator-version-min=7.0  conftest.c >&5
configure:12004: $? = 0
configure:12022: /Applications/Xcode.app/Contents/Developer/Toolchains/XcodeDefault.xctoolchain/usr/bin/clang -c -isysroot /Applications/Xcode.app/Contents/Developer/Platforms/iPhoneSimulator.platform/Developer/SDKs/iPhoneSimulator8.3.sdk -arch x86_64 -mios-simulator-version-min=7.0  conftest.c >&5
conftest.c:28:4: error: use of undeclared identifier 'not'
                 not big endian
                 ^
1 error generated.
configure:12022: $? = 1
configure: failed program was:
| /* confdefs.h */
| #define PACKAGE_NAME "speex"
| #define PACKAGE_TARNAME "speex"
| #define PACKAGE_VERSION "1.2rc2"
| #define PACKAGE_STRING "speex 1.2rc2"
| #define PACKAGE_BUGREPORT "speex-dev@xiph.org"
| #define PACKAGE_URL ""
| #define STDC_HEADERS 1
| #define HAVE_SYS_TYPES_H 1
| #define HAVE_SYS_STAT_H 1
| #define HAVE_STDLIB_H 1
| #define HAVE_STRING_H 1
| #define HAVE_MEMORY_H 1
| #define HAVE_STRINGS_H 1
| #define HAVE_INTTYPES_H 1
| #define HAVE_STDINT_H 1
| #define HAVE_UNISTD_H 1
| #define HAVE_DLFCN_H 1
| #define LT_OBJDIR ".libs/"
| /* end confdefs.h.  */
| #include <sys/types.h>
| 		#include <sys/param.h>
| 
| int
| main ()
| {
| #if BYTE_ORDER != BIG_ENDIAN
| 		 not big endian
| 		#endif
| 
|   ;
|   return 0;
| }
configure:12150: result: no
configure:12168: checking for an ANSI C-conforming const
configure:12234: /Applications/Xcode.app/Contents/Developer/Toolchains/XcodeDefault.xctoolchain/usr/bin/clang -c -isysroot /Applications/Xcode.app/Contents/Developer/Platforms/iPhoneSimulator.platform/Developer/SDKs/iPhoneSimulator8.3.sdk -arch x86_64 -mios-simulator-version-min=7.0  conftest.c >&5
configure:12234: $? = 0
configure:12241: result: yes
configure:12249: checking for inline
configure:12265: /Applications/Xcode.app/Contents/Developer/Toolchains/XcodeDefault.xctoolchain/usr/bin/clang -c -isysroot /Applications/Xcode.app/Contents/Developer/Platforms/iPhoneSimulator.platform/Developer/SDKs/iPhoneSimulator8.3.sdk -arch x86_64 -mios-simulator-version-min=7.0  conftest.c >&5
configure:12265: $? = 0
configure:12273: result: inline
configure:12291: checking for C/C++ restrict keyword
configure:12316: /Applications/Xcode.app/Contents/Developer/Toolchains/XcodeDefault.xctoolchain/usr/bin/clang -c -isysroot /Applications/Xcode.app/Contents/Developer/Platforms/iPhoneSimulator.platform/Developer/SDKs/iPhoneSimulator8.3.sdk -arch x86_64 -mios-simulator-version-min=7.0  conftest.c >&5
configure:12316: $? = 0
configure:12324: result: __restrict
configure:12339: checking for C99 variable-size arrays
configure:12356: /Applications/Xcode.app/Contents/Developer/Toolchains/XcodeDefault.xctoolchain/usr/bin/clang -c -isysroot /Applications/Xcode.app/Contents/Developer/Platforms/iPhoneSimulator.platform/Developer/SDKs/iPhoneSimulator8.3.sdk -arch x86_64 -mios-simulator-version-min=7.0  conftest.c >&5
configure:12356: $? = 0
configure:12366: result: yes
configure:12372: checking alloca.h usability
configure:12372: /Applications/Xcode.app/Contents/Developer/Toolchains/XcodeDefault.xctoolchain/usr/bin/clang -c -isysroot /Applications/Xcode.app/Contents/Developer/Platforms/iPhoneSimulator.platform/Developer/SDKs/iPhoneSimulator8.3.sdk -arch x86_64 -mios-simulator-version-min=7.0  conftest.c >&5
configure:12372: $? = 0
configure:12372: result: yes
configure:12372: checking alloca.h presence
configure:12372: /Applications/Xcode.app/Contents/Developer/Toolchains/XcodeDefault.xctoolchain/usr/bin/clang -E  conftest.c
configure:12372: $? = 0
configure:12372: result: yes
configure:12372: checking for alloca.h
configure:12372: result: yes
configure:12372: checking getopt.h usability
configure:12372: /Applications/Xcode.app/Contents/Developer/Toolchains/XcodeDefault.xctoolchain/usr/bin/clang -c -isysroot /Applications/Xcode.app/Contents/Developer/Platforms/iPhoneSimulator.platform/Developer/SDKs/iPhoneSimulator8.3.sdk -arch x86_64 -mios-simulator-version-min=7.0  conftest.c >&5
configure:12372: $? = 0
configure:12372: result: yes
configure:12372: checking getopt.h presence
configure:12372: /Applications/Xcode.app/Contents/Developer/Toolchains/XcodeDefault.xctoolchain/usr/bin/clang -E  conftest.c
configure:12372: $? = 0
configure:12372: result: yes
configure:12372: checking for getopt.h
configure:12372: result: yes
configure:12382: checking for alloca
configure:12403: /Applications/Xcode.app/Contents/Developer/Toolchains/XcodeDefault.xctoolchain/usr/bin/clang -c -isysroot /Applications/Xcode.app/Contents/Developer/Platforms/iPhoneSimulator.platform/Developer/SDKs/iPhoneSimulator8.3.sdk -arch x86_64 -mios-simulator-version-min=7.0  conftest.c >&5
configure:12403: $? = 0
configure:12417: result: yes
configure:12420: checking for SSE in current arch/CFLAGS
configure:12439: /Applications/Xcode.app/Contents/Developer/Toolchains/XcodeDefault.xctoolchain/usr/bin/clang -o conftest -isysroot /Applications/Xcode.app/Contents/Developer/Platforms/iPhoneSimulator.platform/Developer/SDKs/iPhoneSimulator8.3.sdk -arch x86_64 -mios-simulator-version-min=7.0  -isysroot /Applications/Xcode.app/Contents/Developer/Platforms/iPhoneSimulator.platform/Developer/SDKs/iPhoneSimulator8.3.sdk -arch x86_64 -mios-simulator-version-min=7.0 conftest.c  >&5
configure:12439: $? = 0
configure:12451: result: yes
configure:12456: checking for ELF visibility
configure:12474: /Applications/Xcode.app/Contents/Developer/Toolchains/XcodeDefault.xctoolchain/usr/bin/clang -c -isysroot /Applications/Xcode.app/Contents/Developer/Platforms/iPhoneSimulator.platform/Developer/SDKs/iPhoneSimulator8.3.sdk -arch x86_64 -mios-simulator-version-min=7.0 -fvisibility=hidden  conftest.c >&5
configure:12474: $? = 0
configure:12492: result: yes
configure:12498: checking sys/soundcard.h usability
configure:12498: /Applications/Xcode.app/Contents/Developer/Toolchains/XcodeDefault.xctoolchain/usr/bin/clang -c -isysroot /Applications/Xcode.app/Contents/Developer/Platforms/iPhoneSimulator.platform/Developer/SDKs/iPhoneSimulator8.3.sdk -arch x86_64 -mios-simulator-version-min=7.0 -fvisibility=hidden  conftest.c >&5
conftest.c:59:10: fatal error: 'sys/soundcard.h' file not found
#include <sys/soundcard.h>
         ^
1 error generated.
configure:12498: $? = 1
configure: failed program was:
| /* confdefs.h */
| #define PACKAGE_NAME "speex"
| #define PACKAGE_TARNAME "speex"
| #define PACKAGE_VERSION "1.2rc2"
| #define PACKAGE_STRING "speex 1.2rc2"
| #define PACKAGE_BUGREPORT "speex-dev@xiph.org"
| #define PACKAGE_URL ""
| #define STDC_HEADERS 1
| #define HAVE_SYS_TYPES_H 1
| #define HAVE_SYS_STAT_H 1
| #define HAVE_STDLIB_H 1
| #define HAVE_STRING_H 1
| #define HAVE_MEMORY_H 1
| #define HAVE_STRINGS_H 1
| #define HAVE_INTTYPES_H 1
| #define HAVE_STDINT_H 1
| #define HAVE_UNISTD_H 1
| #define HAVE_DLFCN_H 1
| #define LT_OBJDIR ".libs/"
| #define restrict __restrict
| #define VAR_ARRAYS /**/
| #define HAVE_ALLOCA_H 1
| #define HAVE_GETOPT_H 1
| #define EXPORT __attribute__((visibility("default")))
| /* end confdefs.h.  */
| #include <stdio.h>
| #ifdef HAVE_SYS_TYPES_H
| # include <sys/types.h>
| #endif
| #ifdef HAVE_SYS_STAT_H
| # include <sys/stat.h>
| #endif
| #ifdef STDC_HEADERS
| # include <stdlib.h>
| # include <stddef.h>
| #else
| # ifdef HAVE_STDLIB_H
| #  include <stdlib.h>
| # endif
| #endif
| #ifdef HAVE_STRING_H
| # if !defined STDC_HEADERS && defined HAVE_MEMORY_H
| #  include <memory.h>
| # endif
| # include <string.h>
| #endif
| #ifdef HAVE_STRINGS_H
| # include <strings.h>
| #endif
| #ifdef HAVE_INTTYPES_H
| # include <inttypes.h>
| #endif
| #ifdef HAVE_STDINT_H
| # include <stdint.h>
| #endif
| #ifdef HAVE_UNISTD_H
| # include <unistd.h>
| #endif
| #include <sys/soundcard.h>
configure:12498: result: no
configure:12498: checking sys/soundcard.h presence
configure:12498: /Applications/Xcode.app/Contents/Developer/Toolchains/XcodeDefault.xctoolchain/usr/bin/clang -E  conftest.c
conftest.c:26:10: fatal error: 'sys/soundcard.h' file not found
#include <sys/soundcard.h>
         ^
1 error generated.
configure:12498: $? = 1
configure: failed program was:
| /* confdefs.h */
| #define PACKAGE_NAME "speex"
| #define PACKAGE_TARNAME "speex"
| #define PACKAGE_VERSION "1.2rc2"
| #define PACKAGE_STRING "speex 1.2rc2"
| #define PACKAGE_BUGREPORT "speex-dev@xiph.org"
| #define PACKAGE_URL ""
| #define STDC_HEADERS 1
| #define HAVE_SYS_TYPES_H 1
| #define HAVE_SYS_STAT_H 1
| #define HAVE_STDLIB_H 1
| #define HAVE_STRING_H 1
| #define HAVE_MEMORY_H 1
| #define HAVE_STRINGS_H 1
| #define HAVE_INTTYPES_H 1
| #define HAVE_STDINT_H 1
| #define HAVE_UNISTD_H 1
| #define HAVE_DLFCN_H 1
| #define LT_OBJDIR ".libs/"
| #define restrict __restrict
| #define VAR_ARRAYS /**/
| #define HAVE_ALLOCA_H 1
| #define HAVE_GETOPT_H 1
| #define EXPORT __attribute__((visibility("default")))
| /* end confdefs.h.  */
| #include <sys/soundcard.h>
configure:12498: result: no
configure:12498: checking for sys/soundcard.h
configure:12498: result: no
configure:12498: checking sys/audioio.h usability
configure:12498: /Applications/Xcode.app/Contents/Developer/Toolchains/XcodeDefault.xctoolchain/usr/bin/clang -c -isysroot /Applications/Xcode.app/Contents/Developer/Platforms/iPhoneSimulator.platform/Developer/SDKs/iPhoneSimulator8.3.sdk -arch x86_64 -mios-simulator-version-min=7.0 -fvisibility=hidden  conftest.c >&5
conftest.c:59:10: fatal error: 'sys/audioio.h' file not found
#include <sys/audioio.h>
         ^
1 error generated.
configure:12498: $? = 1
configure: failed program was:
| /* confdefs.h */
| #define PACKAGE_NAME "speex"
| #define PACKAGE_TARNAME "speex"
| #define PACKAGE_VERSION "1.2rc2"
| #define PACKAGE_STRING "speex 1.2rc2"
| #define PACKAGE_BUGREPORT "speex-dev@xiph.org"
| #define PACKAGE_URL ""
| #define STDC_HEADERS 1
| #define HAVE_SYS_TYPES_H 1
| #define HAVE_SYS_STAT_H 1
| #define HAVE_STDLIB_H 1
| #define HAVE_STRING_H 1
| #define HAVE_MEMORY_H 1
| #define HAVE_STRINGS_H 1
| #define HAVE_INTTYPES_H 1
| #define HAVE_STDINT_H 1
| #define HAVE_UNISTD_H 1
| #define HAVE_DLFCN_H 1
| #define LT_OBJDIR ".libs/"
| #define restrict __restrict
| #define VAR_ARRAYS /**/
| #define HAVE_ALLOCA_H 1
| #define HAVE_GETOPT_H 1
| #define EXPORT __attribute__((visibility("default")))
| /* end confdefs.h.  */
| #include <stdio.h>
| #ifdef HAVE_SYS_TYPES_H
| # include <sys/types.h>
| #endif
| #ifdef HAVE_SYS_STAT_H
| # include <sys/stat.h>
| #endif
| #ifdef STDC_HEADERS
| # include <stdlib.h>
| # include <stddef.h>
| #else
| # ifdef HAVE_STDLIB_H
| #  include <stdlib.h>
| # endif
| #endif
| #ifdef HAVE_STRING_H
| # if !defined STDC_HEADERS && defined HAVE_MEMORY_H
| #  include <memory.h>
| # endif
| # include <string.h>
| #endif
| #ifdef HAVE_STRINGS_H
| # include <strings.h>
| #endif
| #ifdef HAVE_INTTYPES_H
| # include <inttypes.h>
| #endif
| #ifdef HAVE_STDINT_H
| # include <stdint.h>
| #endif
| #ifdef HAVE_UNISTD_H
| # include <unistd.h>
| #endif
| #include <sys/audioio.h>
configure:12498: result: no
configure:12498: checking sys/audioio.h presence
configure:12498: /Applications/Xcode.app/Contents/Developer/Toolchains/XcodeDefault.xctoolchain/usr/bin/clang -E  conftest.c
conftest.c:26:10: fatal error: 'sys/audioio.h' file not found
#include <sys/audioio.h>
         ^
1 error generated.
configure:12498: $? = 1
configure: failed program was:
| /* confdefs.h */
| #define PACKAGE_NAME "speex"
| #define PACKAGE_TARNAME "speex"
| #define PACKAGE_VERSION "1.2rc2"
| #define PACKAGE_STRING "speex 1.2rc2"
| #define PACKAGE_BUGREPORT "speex-dev@xiph.org"
| #define PACKAGE_URL ""
| #define STDC_HEADERS 1
| #define HAVE_SYS_TYPES_H 1
| #define HAVE_SYS_STAT_H 1
| #define HAVE_STDLIB_H 1
| #define HAVE_STRING_H 1
| #define HAVE_MEMORY_H 1
| #define HAVE_STRINGS_H 1
| #define HAVE_INTTYPES_H 1
| #define HAVE_STDINT_H 1
| #define HAVE_UNISTD_H 1
| #define HAVE_DLFCN_H 1
| #define LT_OBJDIR ".libs/"
| #define restrict __restrict
| #define VAR_ARRAYS /**/
| #define HAVE_ALLOCA_H 1
| #define HAVE_GETOPT_H 1
| #define EXPORT __attribute__((visibility("default")))
| /* end confdefs.h.  */
| #include <sys/audioio.h>
configure:12498: result: no
configure:12498: checking for sys/audioio.h
configure:12498: result: no
configure:12645: checking for getopt_long
configure:12645: /Applications/Xcode.app/Contents/Developer/Toolchains/XcodeDefault.xctoolchain/usr/bin/clang -o conftest -isysroot /Applications/Xcode.app/Contents/Developer/Platforms/iPhoneSimulator.platform/Developer/SDKs/iPhoneSimulator8.3.sdk -arch x86_64 -mios-simulator-version-min=7.0 -fvisibility=hidden  -isysroot /Applications/Xcode.app/Contents/Developer/Platforms/iPhoneSimulator.platform/Developer/SDKs/iPhoneSimulator8.3.sdk -arch x86_64 -mios-simulator-version-min=7.0 conftest.c  >&5
configure:12645: $? = 0
configure:12645: result: yes
configure:13300: checking for SPEEXDSP
configure:13359: result: no
configure:13377: checking size of int16_t
configure:13382: /Applications/Xcode.app/Contents/Developer/Toolchains/XcodeDefault.xctoolchain/usr/bin/clang -o conftest -isysroot /Applications/Xcode.app/Contents/Developer/Platforms/iPhoneSimulator.platform/Developer/SDKs/iPhoneSimulator8.3.sdk -arch x86_64 -mios-simulator-version-min=7.0 -fvisibility=hidden  -isysroot /Applications/Xcode.app/Contents/Developer/Platforms/iPhoneSimulator.platform/Developer/SDKs/iPhoneSimulator8.3.sdk -arch x86_64 -mios-simulator-version-min=7.0 conftest.c  >&5
configure:13382: $? = 0
configure:13382: ./conftest
configure:13382: $? = 0
configure:13396: result: 2
configure:13410: checking size of uint16_t
configure:13415: /Applications/Xcode.app/Contents/Developer/Toolchains/XcodeDefault.xctoolchain/usr/bin/clang -o conftest -isysroot /Applications/Xcode.app/Contents/Developer/Platforms/iPhoneSimulator.platform/Developer/SDKs/iPhoneSimulator8.3.sdk -arch x86_64 -mios-simulator-version-min=7.0 -fvisibility=hidden  -isysroot /Applications/Xcode.app/Contents/Developer/Platforms/iPhoneSimulator.platform/Developer/SDKs/iPhoneSimulator8.3.sdk -arch x86_64 -mios-simulator-version-min=7.0 conftest.c  >&5
configure:13415: $? = 0
configure:13415: ./conftest
configure:13415: $? = 0
configure:13429: result: 2
configure:13443: checking size of u_int16_t
configure:13448: /Applications/Xcode.app/Contents/Developer/Toolchains/XcodeDefault.xctoolchain/usr/bin/clang -o conftest -isysroot /Applications/Xcode.app/Contents/Developer/Platforms/iPhoneSimulator.platform/Developer/SDKs/iPhoneSimulator8.3.sdk -arch x86_64 -mios-simulator-version-min=7.0 -fvisibility=hidden  -isysroot /Applications/Xcode.app/Contents/Developer/Platforms/iPhoneSimulator.platform/Developer/SDKs/iPhoneSimulator8.3.sdk -arch x86_64 -mios-simulator-version-min=7.0 conftest.c  >&5
configure:13448: $? = 0
configure:13448: ./conftest
configure:13448: $? = 0
configure:13462: result: 2
configure:13476: checking size of int32_t
configure:13481: /Applications/Xcode.app/Contents/Developer/Toolchains/XcodeDefault.xctoolchain/usr/bin/clang -o conftest -isysroot /Applications/Xcode.app/Contents/Developer/Platforms/iPhoneSimulator.platform/Developer/SDKs/iPhoneSimulator8.3.sdk -arch x86_64 -mios-simulator-version-min=7.0 -fvisibility=hidden  -isysroot /Applications/Xcode.app/Contents/Developer/Platforms/iPhoneSimulator.platform/Developer/SDKs/iPhoneSimulator8.3.sdk -arch x86_64 -mios-simulator-version-min=7.0 conftest.c  >&5
configure:13481: $? = 0
configure:13481: ./conftest
configure:13481: $? = 0
configure:13495: result: 4
configure:13509: checking size of uint32_t
configure:13514: /Applications/Xcode.app/Contents/Developer/Toolchains/XcodeDefault.xctoolchain/usr/bin/clang -o conftest -isysroot /Applications/Xcode.app/Contents/Developer/Platforms/iPhoneSimulator.platform/Developer/SDKs/iPhoneSimulator8.3.sdk -arch x86_64 -mios-simulator-version-min=7.0 -fvisibility=hidden  -isysroot /Applications/Xcode.app/Contents/Developer/Platforms/iPhoneSimulator.platform/Developer/SDKs/iPhoneSimulator8.3.sdk -arch x86_64 -mios-simulator-version-min=7.0 conftest.c  >&5
configure:13514: $? = 0
configure:13514: ./conftest
configure:13514: $? = 0
configure:13528: result: 4
configure:13542: checking size of u_int32_t
configure:13547: /Applications/Xcode.app/Contents/Developer/Toolchains/XcodeDefault.xctoolchain/usr/bin/clang -o conftest -isysroot /Applications/Xcode.app/Contents/Developer/Platforms/iPhoneSimulator.platform/Developer/SDKs/iPhoneSimulator8.3.sdk -arch x86_64 -mios-simulator-version-min=7.0 -fvisibility=hidden  -isysroot /Applications/Xcode.app/Contents/Developer/Platforms/iPhoneSimulator.platform/Developer/SDKs/iPhoneSimulator8.3.sdk -arch x86_64 -mios-simulator-version-min=7.0 conftest.c  >&5
configure:13547: $? = 0
configure:13547: ./conftest
configure:13547: $? = 0
configure:13561: result: 4
configure:13575: checking size of short
configure:13580: /Applications/Xcode.app/Contents/Developer/Toolchains/XcodeDefault.xctoolchain/usr/bin/clang -o conftest -isysroot /Applications/Xcode.app/Contents/Developer/Platforms/iPhoneSimulator.platform/Developer/SDKs/iPhoneSimulator8.3.sdk -arch x86_64 -mios-simulator-version-min=7.0 -fvisibility=hidden  -isysroot /Applications/Xcode.app/Contents/Developer/Platforms/iPhoneSimulator.platform/Developer/SDKs/iPhoneSimulator8.3.sdk -arch x86_64 -mios-simulator-version-min=7.0 conftest.c  >&5
configure:13580: $? = 0
configure:13580: ./conftest
configure:13580: $? = 0
configure:13594: result: 2
configure:13608: checking size of int
configure:13613: /Applications/Xcode.app/Contents/Developer/Toolchains/XcodeDefault.xctoolchain/usr/bin/clang -o conftest -isysroot /Applications/Xcode.app/Contents/Developer/Platforms/iPhoneSimulator.platform/Developer/SDKs/iPhoneSimulator8.3.sdk -arch x86_64 -mios-simulator-version-min=7.0 -fvisibility=hidden  -isysroot /Applications/Xcode.app/Contents/Developer/Platforms/iPhoneSimulator.platform/Developer/SDKs/iPhoneSimulator8.3.sdk -arch x86_64 -mios-simulator-version-min=7.0 conftest.c  >&5
configure:13613: $? = 0
configure:13613: ./conftest
configure:13613: $? = 0
configure:13627: result: 4
configure:13641: checking size of long
configure:13646: /Applications/Xcode.app/Contents/Developer/Toolchains/XcodeDefault.xctoolchain/usr/bin/clang -o conftest -isysroot /Applications/Xcode.app/Contents/Developer/Platforms/iPhoneSimulator.platform/Developer/SDKs/iPhoneSimulator8.3.sdk -arch x86_64 -mios-simulator-version-min=7.0 -fvisibility=hidden  -isysroot /Applications/Xcode.app/Contents/Developer/Platforms/iPhoneSimulator.platform/Developer/SDKs/iPhoneSimulator8.3.sdk -arch x86_64 -mios-simulator-version-min=7.0 conftest.c  >&5
configure:13646: $? = 0
configure:13646: ./conftest
configure:13646: $? = 0
configure:13660: result: 8
configure:13855: checking that generated files are newer than configure
configure:13861: result: done
configure:13913: creating ./config.status

## ---------------------- ##
## Running config.status. ##
## ---------------------- ##

This file was extended by speex config.status 1.2rc2, which was
generated by GNU Autoconf 2.69.  Invocation command line was

  CONFIG_FILES    = 
  CONFIG_HEADERS  = 
  CONFIG_LINKS    = 
  CONFIG_COMMANDS = 
  $ ./config.status 

on kyuubons-MacBook-Pro.local

config.status:1165: creating Makefile
config.status:1165: creating libspeex/Makefile
config.status:1165: creating src/Makefile
config.status:1165: creating doc/Makefile
config.status:1165: creating Speex.spec
config.status:1165: creating include/Makefile
config.status:1165: creating include/speex/Makefile
config.status:1165: creating speex.pc
config.status:1165: creating win32/Makefile
config.status:1165: creating win32/libspeex/Makefile
config.status:1165: creating win32/speexenc/Makefile
config.status:1165: creating win32/speexdec/Makefile
config.status:1165: creating symbian/Makefile
config.status:1165: creating win32/VS2003/Makefile
config.status:1165: creating win32/VS2003/tests/Makefile
config.status:1165: creating win32/VS2003/libspeex/Makefile
config.status:1165: creating win32/VS2003/speexdec/Makefile
config.status:1165: creating win32/VS2003/speexenc/Makefile
config.status:1165: creating win32/VS2005/Makefile
config.status:1165: creating win32/VS2005/libspeex/Makefile
config.status:1165: creating win32/VS2005/speexdec/Makefile
config.status:1165: creating win32/VS2005/speexenc/Makefile
config.status:1165: creating win32/VS2005/tests/Makefile
config.status:1165: creating win32/VS2008/Makefile
config.status:1165: creating win32/VS2008/speexdec/Makefile
config.status:1165: creating win32/VS2008/tests/Makefile
config.status:1165: creating win32/VS2008/libspeex/Makefile
config.status:1165: creating win32/VS2008/speexenc/Makefile
config.status:1165: creating include/speex/speex_config_types.h
config.status:1165: creating ti/Makefile
config.status:1165: creating ti/speex_C54_test/Makefile
config.status:1165: creating ti/speex_C55_test/Makefile
config.status:1165: creating ti/speex_C64_test/Makefile
config.status:1165: creating config.h
config.status:1379: executing depfiles commands
config.status:1379: executing libtool commands
configure:16170: WARNING: unrecognized options: --with-ogg

## ---------------- ##
## Cache variables. ##
## ---------------- ##

ac_cv_build=x86_64-apple-darwin14.3.0
ac_cv_c_bigendian=no
ac_cv_c_compiler_gnu=yes
ac_cv_c_const=yes
ac_cv_c_inline=inline
ac_cv_c_restrict=__restrict
ac_cv_env_CC_set=set
ac_cv_env_CC_value=/Applications/Xcode.app/Contents/Developer/Toolchains/XcodeDefault.xctoolchain/usr/bin/clang
ac_cv_env_CFLAGS_set=set
ac_cv_env_CFLAGS_value='-isysroot /Applications/Xcode.app/Contents/Developer/Platforms/iPhoneSimulator.platform/Developer/SDKs/iPhoneSimulator8.3.sdk -arch x86_64 -mios-simulator-version-min=7.0'
ac_cv_env_CPPFLAGS_set=
ac_cv_env_CPPFLAGS_value=
ac_cv_env_CPP_set=
ac_cv_env_CPP_value=
ac_cv_env_FFT_CFLAGS_set=
ac_cv_env_FFT_CFLAGS_value=
ac_cv_env_FFT_LIBS_set=
ac_cv_env_FFT_LIBS_value=
ac_cv_env_LDFLAGS_set=set
ac_cv_env_LDFLAGS_value='-isysroot /Applications/Xcode.app/Contents/Developer/Platforms/iPhoneSimulator.platform/Developer/SDKs/iPhoneSimulator8.3.sdk -arch x86_64 -mios-simulator-version-min=7.0'
ac_cv_env_LIBS_set=
ac_cv_env_LIBS_value=
ac_cv_env_OGG_CFLAGS_set=
ac_cv_env_OGG_CFLAGS_value=
ac_cv_env_OGG_LIBS_set=
ac_cv_env_OGG_LIBS_value=
ac_cv_env_PKG_CONFIG_LIBDIR_set=
ac_cv_env_PKG_CONFIG_LIBDIR_value=
ac_cv_env_PKG_CONFIG_PATH_set=
ac_cv_env_PKG_CONFIG_PATH_value=
ac_cv_env_PKG_CONFIG_set=
ac_cv_env_PKG_CONFIG_value=
ac_cv_env_SPEEXDSP_CFLAGS_set=
ac_cv_env_SPEEXDSP_CFLAGS_value=
ac_cv_env_SPEEXDSP_LIBS_set=
ac_cv_env_SPEEXDSP_LIBS_value=
ac_cv_env_build_alias_set=
ac_cv_env_build_alias_value=
ac_cv_env_host_alias_set=set
ac_cv_env_host_alias_value=x86_64-apple-darwin10
ac_cv_env_target_alias_set=
ac_cv_env_target_alias_value=
ac_cv_func_getopt_long=yes
ac_cv_header_alloca_h=yes
ac_cv_header_dlfcn_h=yes
ac_cv_header_getopt_h=yes
ac_cv_header_inttypes_h=yes
ac_cv_header_memory_h=yes
ac_cv_header_stdc=yes
ac_cv_header_stdint_h=yes
ac_cv_header_stdlib_h=yes
ac_cv_header_string_h=yes
ac_cv_header_strings_h=yes
ac_cv_header_sys_audioio_h=no
ac_cv_header_sys_soundcard_h=no
ac_cv_header_sys_stat_h=yes
ac_cv_header_sys_types_h=yes
ac_cv_header_unistd_h=yes
ac_cv_host=x86_64-apple-darwin10
ac_cv_objext=o
ac_cv_path_EGREP='/usr/bin/grep -E'
ac_cv_path_FGREP='/usr/bin/grep -F'
ac_cv_path_GREP=/usr/bin/grep
ac_cv_path_SED=/usr/bin/sed
ac_cv_path_install='/usr/bin/install -c'
ac_cv_prog_AWK=awk
ac_cv_prog_CC=/Applications/Xcode.app/Contents/Developer/Toolchains/XcodeDefault.xctoolchain/usr/bin/clang
ac_cv_prog_CPP='/Applications/Xcode.app/Contents/Developer/Toolchains/XcodeDefault.xctoolchain/usr/bin/clang -E'
ac_cv_prog_DLLTOOL=dlltool
ac_cv_prog_OBJDUMP=objdump
ac_cv_prog_STRIP=strip
ac_cv_prog_ac_ct_AR=ar
ac_cv_prog_ac_ct_DSYMUTIL=dsymutil
ac_cv_prog_ac_ct_DUMPBIN='link -dump'
ac_cv_prog_ac_ct_LIPO=lipo
ac_cv_prog_ac_ct_NMEDIT=nmedit
ac_cv_prog_ac_ct_OTOOL=otool
ac_cv_prog_ac_ct_RANLIB=ranlib
ac_cv_prog_ac_ct_STRIP=strip
ac_cv_prog_cc_c89=
ac_cv_prog_cc_g=yes
ac_cv_prog_make_make_set=yes
ac_cv_sizeof_int16_t=2
ac_cv_sizeof_int32_t=4
ac_cv_sizeof_int=4
ac_cv_sizeof_long=8
ac_cv_sizeof_short=2
ac_cv_sizeof_u_int16_t=2
ac_cv_sizeof_u_int32_t=4
ac_cv_sizeof_uint16_t=2
ac_cv_sizeof_uint32_t=4
am_cv_CC_dependencies_compiler_type=gcc3
am_cv_make_support_nested_variables=yes
lt_cv_apple_cc_single_mod=yes
lt_cv_ar_at_file=no
lt_cv_deplibs_check_method=pass_all
lt_cv_file_magic_cmd='$MAGIC_CMD'
lt_cv_file_magic_test_file=
lt_cv_ld_exported_symbols_list=yes
lt_cv_ld_force_load=yes
lt_cv_ld_reload_flag=-r
lt_cv_nm_interface='BSD nm'
lt_cv_objdir=.libs
lt_cv_path_LD=/Applications/Xcode.app/Contents/Developer/Toolchains/XcodeDefault.xctoolchain/usr/bin/ld
lt_cv_path_NM=no
lt_cv_path_mainfest_tool=no
lt_cv_prog_compiler_c_o=yes
lt_cv_prog_compiler_pic='-fno-common -DPIC'
lt_cv_prog_compiler_pic_works=yes
lt_cv_prog_compiler_rtti_exceptions=yes
lt_cv_prog_compiler_static_works=no
lt_cv_prog_gnu_ld=no
lt_cv_sharedlib_from_linklib_cmd='printf %s\n'
lt_cv_sys_global_symbol_pipe='sed -n -e '\''s/^.*[	 ]\([BCDEGRST][BCDEGRST]*\)[	 ][	 ]*_\([_A-Za-z][_A-Za-z0-9]*\)$/\1 _\2 \2/p'\'' | sed '\''/ __gnu_lto/d'\'''
lt_cv_sys_global_symbol_to_c_name_address='sed -n -e '\''s/^: \([^ ]*\)[ ]*$/  {\"\1\", (void *) 0},/p'\'' -e '\''s/^[BCDEGRST]* \([^ ]*\) \([^ ]*\)$/  {"\2", (void *) \&\2},/p'\'''
lt_cv_sys_global_symbol_to_c_name_address_lib_prefix='sed -n -e '\''s/^: \([^ ]*\)[ ]*$/  {\"\1\", (void *) 0},/p'\'' -e '\''s/^[BCDEGRST]* \([^ ]*\) \(lib[^ ]*\)$/  {"\2", (void *) \&\2},/p'\'' -e '\''s/^[BCDEGRST]* \([^ ]*\) \([^ ]*\)$/  {"lib\2", (void *) \&\2},/p'\'''
lt_cv_sys_global_symbol_to_cdecl='sed -n -e '\''s/^T .* \(.*\)$/extern int \1();/p'\'' -e '\''s/^[BCDEGRST]* .* \(.*\)$/extern char \1;/p'\'''
lt_cv_sys_max_cmd_len=196608
lt_cv_to_host_file_cmd=func_convert_file_noop
lt_cv_to_tool_file_cmd=func_convert_file_noop

## ----------------- ##
## Output variables. ##
## ----------------- ##

ACLOCAL='${SHELL} /Users/LazyBear/Downloads/SpeexBuild/IDZBuildRoot/libspeex/1.2rc2/speex-1.2rc2/missing aclocal-1.13'
AMDEPBACKSLASH='\'
AMDEP_FALSE='#'
AMDEP_TRUE=''
AMTAR='$${TAR-tar}'
AM_BACKSLASH='\'
AM_DEFAULT_V='$(AM_DEFAULT_VERBOSITY)'
AM_DEFAULT_VERBOSITY='0'
AM_V='$(V)'
AR='ar'
AS='as'
AUTOCONF='${SHELL} /Users/LazyBear/Downloads/SpeexBuild/IDZBuildRoot/libspeex/1.2rc2/speex-1.2rc2/missing autoconf'
AUTOHEADER='${SHELL} /Users/LazyBear/Downloads/SpeexBuild/IDZBuildRoot/libspeex/1.2rc2/speex-1.2rc2/missing autoheader'
AUTOMAKE='${SHELL} /Users/LazyBear/Downloads/SpeexBuild/IDZBuildRoot/libspeex/1.2rc2/speex-1.2rc2/missing automake-1.13'
AWK='awk'
BUILD_BINARIES_FALSE=''
BUILD_BINARIES_TRUE='#'
BUILD_KISS_FFT_FALSE=''
BUILD_KISS_FFT_TRUE='#'
BUILD_SMALLFT_FALSE='#'
BUILD_SMALLFT_TRUE=''
BUILD_VORBIS_PSY_FALSE=''
BUILD_VORBIS_PSY_TRUE='#'
CC='/Applications/Xcode.app/Contents/Developer/Toolchains/XcodeDefault.xctoolchain/usr/bin/clang'
CCDEPMODE='depmode=gcc3'
CFLAGS='-isysroot /Applications/Xcode.app/Contents/Developer/Platforms/iPhoneSimulator.platform/Developer/SDKs/iPhoneSimulator8.3.sdk -arch x86_64 -mios-simulator-version-min=7.0 -fvisibility=hidden'
CPP='/Applications/Xcode.app/Contents/Developer/Toolchains/XcodeDefault.xctoolchain/usr/bin/clang -E'
CPPFLAGS=''
CYGPATH_W='echo'
DEFS='-DHAVE_CONFIG_H'
DEPDIR='.deps'
DLLTOOL='dlltool'
DSYMUTIL='dsymutil'
DUMPBIN=':'
ECHO_C='\c'
ECHO_N=''
ECHO_T=''
EGREP='/usr/bin/grep -E'
EXEEXT=''
FFT_CFLAGS=''
FFT_LIBS=''
FFT_PKGCONFIG=''
FGREP='/usr/bin/grep -F'
GREP='/usr/bin/grep'
INCLUDE_STDINT='#include <stdint.h>'
INSTALL_DATA='${INSTALL} -m 644'
INSTALL_PROGRAM='${INSTALL}'
INSTALL_SCRIPT='${INSTALL}'
INSTALL_STRIP_PROGRAM='$(install_sh) -c -s'
LD='/Applications/Xcode.app/Contents/Developer/Toolchains/XcodeDefault.xctoolchain/usr/bin/ld'
LDFLAGS='-isysroot /Applications/Xcode.app/Contents/Developer/Platforms/iPhoneSimulator.platform/Developer/SDKs/iPhoneSimulator8.3.sdk -arch x86_64 -mios-simulator-version-min=7.0'
LIBM=''
LIBOBJS=''
LIBS=''
LIBTOOL='$(SHELL) $(top_builddir)/libtool'
LIPO='lipo'
LN_S='ln -s'
LTLIBOBJS=''
MAINT=''
MAINTAINER_MODE_FALSE='#'
MAINTAINER_MODE_TRUE=''
MAKEINFO='${SHELL} /Users/LazyBear/Downloads/SpeexBuild/IDZBuildRoot/libspeex/1.2rc2/speex-1.2rc2/missing makeinfo'
MANIFEST_TOOL=':'
MKDIR_P='/Users/LazyBear/Downloads/SpeexBuild/IDZBuildRoot/libspeex/1.2rc2/speex-1.2rc2/install-sh -c -d'
NM='nm'
NMEDIT='nmedit'
OBJDUMP='objdump'
OBJEXT='o'
OGG_CFLAGS=''
OGG_LIBS=''
OTOOL64=':'
OTOOL='otool'
PACKAGE='speex'
PACKAGE_BUGREPORT='speex-dev@xiph.org'
PACKAGE_NAME='speex'
PACKAGE_STRING='speex 1.2rc2'
PACKAGE_TARNAME='speex'
PACKAGE_URL=''
PACKAGE_VERSION='1.2rc2'
PATH_SEPARATOR=':'
PKG_CONFIG=''
PKG_CONFIG_LIBDIR=''
PKG_CONFIG_PATH=''
RANLIB='ranlib'
SED='/usr/bin/sed'
SET_MAKE=''
SHELL='/bin/sh'
SIZE16='int16_t'
SIZE32='int32_t'
SPEEXDSP_CFLAGS=''
SPEEXDSP_LIBS=''
SPEEX_LT_AGE='5'
SPEEX_LT_CURRENT='6'
SPEEX_LT_REVISION='0'
SPEEX_VERSION='1.2rc2'
STRIP='strip'
USIZE16='uint16_t'
USIZE32='uint32_t'
VERSION='1.2rc2'
ac_ct_AR='ar'
ac_ct_CC=''
ac_ct_DUMPBIN='link -dump'
am__EXEEXT_FALSE=''
am__EXEEXT_TRUE='#'
am__fastdepCC_FALSE='#'
am__fastdepCC_TRUE=''
am__include='include'
am__isrc=' -I$(srcdir)'
am__leading_dot='.'
am__nodep='_no'
am__quote=''
am__tar='$${TAR-tar} chof - "$$tardir"'
am__untar='$${TAR-tar} xf -'
bindir='${exec_prefix}/bin'
build='x86_64-apple-darwin14.3.0'
build_alias=''
build_cpu='x86_64'
build_os='darwin14.3.0'
build_vendor='apple'
datadir='${datarootdir}'
datarootdir='${prefix}/share'
docdir='${datarootdir}/doc/${PACKAGE_TARNAME}'
dvidir='${docdir}'
exec_prefix='${prefix}'
host='x86_64-apple-darwin10'
host_alias='x86_64-apple-darwin10'
host_cpu='x86_64'
host_os='darwin10'
host_vendor='apple'
htmldir='${docdir}'
includedir='${prefix}/include'
infodir='${datarootdir}/info'
install_sh='${SHELL} /Users/LazyBear/Downloads/SpeexBuild/IDZBuildRoot/libspeex/1.2rc2/speex-1.2rc2/install-sh'
libdir='${exec_prefix}/lib'
libexecdir='${exec_prefix}/libexec'
localedir='${datarootdir}/locale'
localstatedir='${prefix}/var'
mandir='${datarootdir}/man'
mkdir_p='$(MKDIR_P)'
oldincludedir='/usr/include'
pdfdir='${docdir}'
prefix='/Users/LazyBear/Downloads/SpeexBuild/IDZBuildRoot/libspeex/1.2rc2/install-iPhoneSimulator-x86_64'
program_transform_name='s,x,x,'
psdir='${docdir}'
sbindir='${exec_prefix}/sbin'
sharedstatedir='${prefix}/com'
sysconfdir='${prefix}/etc'
target_alias=''

## ----------- ##
## confdefs.h. ##
## ----------- ##

/* confdefs.h */
#define PACKAGE_NAME "speex"
#define PACKAGE_TARNAME "speex"
#define PACKAGE_VERSION "1.2rc2"
#define PACKAGE_STRING "speex 1.2rc2"
#define PACKAGE_BUGREPORT "speex-dev@xiph.org"
#define PACKAGE_URL ""
#define STDC_HEADERS 1
#define HAVE_SYS_TYPES_H 1
#define HAVE_SYS_STAT_H 1
#define HAVE_STDLIB_H 1
#define HAVE_STRING_H 1
#define HAVE_MEMORY_H 1
#define HAVE_STRINGS_H 1
#define HAVE_INTTYPES_H 1
#define HAVE_STDINT_H 1
#define HAVE_UNISTD_H 1
#define HAVE_DLFCN_H 1
#define LT_OBJDIR ".libs/"
#define restrict __restrict
#define VAR_ARRAYS /**/
#define HAVE_ALLOCA_H 1
#define HAVE_GETOPT_H 1
#define EXPORT __attribute__((visibility("default")))
#define HAVE_GETOPT_LONG 1
#define SPEEX_VERSION "1.2rc2"
#define SPEEX_MAJOR_VERSION 1
#define SPEEX_MINOR_VERSION 1
#define SPEEX_MICRO_VERSION 16
#define SPEEX_EXTRA_VERSION ""
#define FLOATING_POINT /**/
#define _USE_SSE /**/
#define USE_SMALLFT /**/
#define SIZEOF_INT16_T 2
#define SIZEOF_UINT16_T 2
#define SIZEOF_U_INT16_T 2
#define SIZEOF_INT32_T 4
#define SIZEOF_UINT32_T 4
#define SIZEOF_U_INT32_T 4
#define SIZEOF_SHORT 2
#define SIZEOF_INT 4
#define SIZEOF_LONG 8

configure: exit 0
